<?xml version="1.0" encoding="UTF-8"?>
<!-- Generated by org.testng.reporters.JUnitReportReporter -->
<testsuite skipped="0" hostname="LAPTOP-2513UC9B" name="test.WebStoryTestClass" tests="14" failures="0" timestamp="21 Aug 2022 05:19:24 GMT" time="7.165" errors="0">
  <testcase name="verifyThatUserCanClickOnWebStoryLink" time="2.469" classname="test.WebStoryTestClass"/>
  <testcase name="verifyThatUserCanClickOnDisplayedWebStory" time="0.592" classname="test.WebStoryTestClass"/>
  <testcase name="getFirstPageOfStoryHeadingAndBody" time="1.336" classname="test.WebStoryTestClass"/>
  <testcase name="getSecondPageOfStoryHeadingAndBody" time="0.192" classname="test.WebStoryTestClass"/>
  <testcase name="getThirdPageOfStoryHeadingAndBody" time="0.268" classname="test.WebStoryTestClass"/>
  <testcase name="getFourthPageOfStoryHeadingAndBody" time="0.182" classname="test.WebStoryTestClass"/>
  <testcase name="getFifthPageOfStoryHeadingAndBody" time="0.213" classname="test.WebStoryTestClass"/>
  <testcase name="getSixthPageOfStoryHeadingAndBody" time="0.152" classname="test.WebStoryTestClass"/>
  <testcase name="getSeventhPageOfStoryHeadingAndBody" time="0.255" classname="test.WebStoryTestClass"/>
  <testcase name="getEightPageOfStoryHeadingAndBody" time="0.235" classname="test.WebStoryTestClass"/>
  <testcase name="getNinthPageOfStoryHeadingAndBody" time="0.169" classname="test.WebStoryTestClass"/>
  <testcase name="closeBrowserWindow" time="0.115" classname="test.WebStoryTestClass"/>
  <testcase name="verifyThatUserCanClickOnNextWebStory" time="0.133" classname="test.WebStoryTestClass"/>
  <testcase name="verifyThatUserCanReturnOnHomePage" time="0.854" classname="test.WebStoryTestClass"/>
</testsuite> <!-- test.WebStoryTestClass -->
